  main.cpp
C:\Users\ENDESGA\Documents\GitHub\EDGITOR\FUNCTIONS.h(33,31): warning C4244: 'return': conversion from 'double' to 'float', possible loss of data
C:\Users\ENDESGA\Documents\GitHub\EDGITOR\FUNCTIONS.h(118,23): warning C4244: '=': conversion from 'double' to 'int16_t', possible loss of data
C:\Users\ENDESGA\Documents\GitHub\EDGITOR\FUNCTIONS.h(119,23): warning C4244: '=': conversion from 'double' to 'int16_t', possible loss of data
C:\Users\ENDESGA\Documents\GitHub\EDGITOR\FUNCTIONS.h(120,23): warning C4244: '=': conversion from 'double' to 'int16_t', possible loss of data
C:\Users\ENDESGA\Documents\GitHub\EDGITOR\FUNCTIONS.h(125,14): warning C4244: 'initializing': conversion from 'double' to 'float', possible loss of data
C:\Users\ENDESGA\Documents\GitHub\EDGITOR\FUNCTIONS.h(126,14): warning C4244: 'initializing': conversion from 'double' to 'float', possible loss of data
C:\Users\ENDESGA\Documents\GitHub\EDGITOR\FUNCTIONS.h(127,14): warning C4244: 'initializing': conversion from 'double' to 'float', possible loss of data
C:\Users\ENDESGA\Documents\GitHub\EDGITOR\FUNCTIONS.h(130,57): warning C4244: '=': conversion from 'double' to 'float', possible loss of data
C:\Users\ENDESGA\Documents\GitHub\EDGITOR\FUNCTIONS.h(132,57): warning C4244: '=': conversion from 'double' to 'float', possible loss of data
C:\Users\ENDESGA\Documents\GitHub\EDGITOR\FUNCTIONS.h(134,57): warning C4244: '=': conversion from 'double' to 'float', possible loss of data
C:\Users\ENDESGA\Documents\GitHub\EDGITOR\FUNCTIONS.h(136,10): warning C4244: 'initializing': conversion from 'double' to 'float', possible loss of data
C:\Users\ENDESGA\Documents\GitHub\EDGITOR\FUNCTIONS.h(137,10): warning C4244: 'initializing': conversion from 'double' to 'float', possible loss of data
C:\Users\ENDESGA\Documents\GitHub\EDGITOR\FUNCTIONS.h(138,10): warning C4244: 'initializing': conversion from 'double' to 'float', possible loss of data
C:\Users\ENDESGA\Documents\GitHub\EDGITOR\FUNCTIONS.h(141,12): warning C4244: '=': conversion from 'double' to 'float', possible loss of data
C:\Users\ENDESGA\Documents\GitHub\EDGITOR\FUNCTIONS.h(142,12): warning C4244: '=': conversion from 'double' to 'float', possible loss of data
C:\Users\ENDESGA\Documents\GitHub\EDGITOR\FUNCTIONS.h(143,12): warning C4244: '=': conversion from 'double' to 'float', possible loss of data
C:\Users\ENDESGA\Documents\GitHub\EDGITOR\FUNCTIONS.h(145,14): warning C4244: 'initializing': conversion from 'double' to 'float', possible loss of data
C:\Users\ENDESGA\Documents\GitHub\EDGITOR\FUNCTIONS.h(146,14): warning C4244: 'initializing': conversion from 'double' to 'float', possible loss of data
C:\Users\ENDESGA\Documents\GitHub\EDGITOR\FUNCTIONS.h(147,14): warning C4244: 'initializing': conversion from 'double' to 'float', possible loss of data
C:\Users\ENDESGA\Documents\GitHub\EDGITOR\FUNCTIONS.h(149,63): warning C4244: '=': conversion from 'double' to 'float', possible loss of data
C:\Users\ENDESGA\Documents\GitHub\EDGITOR\FUNCTIONS.h(150,41): warning C4244: '=': conversion from 'double' to 'float', possible loss of data
C:\Users\ENDESGA\Documents\GitHub\EDGITOR\FUNCTIONS.h(151,63): warning C4244: '=': conversion from 'double' to 'float', possible loss of data
C:\Users\ENDESGA\Documents\GitHub\EDGITOR\FUNCTIONS.h(152,41): warning C4244: '=': conversion from 'double' to 'float', possible loss of data
C:\Users\ENDESGA\Documents\GitHub\EDGITOR\FUNCTIONS.h(153,63): warning C4244: '=': conversion from 'double' to 'float', possible loss of data
C:\Users\ENDESGA\Documents\GitHub\EDGITOR\FUNCTIONS.h(154,41): warning C4244: '=': conversion from 'double' to 'float', possible loss of data
C:\Users\ENDESGA\Documents\GitHub\EDGITOR\FUNCTIONS.h(156,32): warning C4244: 'argument': conversion from 'float' to 'int16_t', possible loss of data
C:\Users\ENDESGA\Documents\GitHub\EDGITOR\FUNCTIONS.h(156,26): warning C4244: 'argument': conversion from 'float' to 'int16_t', possible loss of data
C:\Users\ENDESGA\Documents\GitHub\EDGITOR\FUNCTIONS.h(156,18): warning C4244: 'argument': conversion from 'double' to 'int16_t', possible loss of data
C:\Users\ENDESGA\Documents\GitHub\EDGITOR\FUNCTIONS.h(157,32): warning C4244: 'argument': conversion from 'float' to 'int16_t', possible loss of data
C:\Users\ENDESGA\Documents\GitHub\EDGITOR\FUNCTIONS.h(157,26): warning C4244: 'argument': conversion from 'float' to 'int16_t', possible loss of data
C:\Users\ENDESGA\Documents\GitHub\EDGITOR\FUNCTIONS.h(157,18): warning C4244: 'argument': conversion from 'double' to 'int16_t', possible loss of data
C:\Users\ENDESGA\Documents\GitHub\EDGITOR\FUNCTIONS.h(158,32): warning C4244: 'argument': conversion from 'float' to 'int16_t', possible loss of data
C:\Users\ENDESGA\Documents\GitHub\EDGITOR\FUNCTIONS.h(158,26): warning C4244: 'argument': conversion from 'float' to 'int16_t', possible loss of data
C:\Users\ENDESGA\Documents\GitHub\EDGITOR\FUNCTIONS.h(158,18): warning C4244: 'argument': conversion from 'double' to 'int16_t', possible loss of data
C:\Users\ENDESGA\Documents\GitHub\EDGITOR\FUNCTIONS.h(499,98): warning C4244: 'argument': conversion from 'float' to 'int16_t', possible loss of data
C:\Users\ENDESGA\Documents\GitHub\EDGITOR\FUNCTIONS.h(499,92): warning C4244: 'argument': conversion from 'float' to 'int16_t', possible loss of data
C:\Users\ENDESGA\Documents\GitHub\EDGITOR\FUNCTIONS.h(499,36): warning C4244: 'argument': conversion from 'float' to 'int16_t', possible loss of data
C:\Users\ENDESGA\Documents\GitHub\EDGITOR\FUNCTIONS.h(500,66): warning C4244: 'argument': conversion from 'float' to 'int16_t', possible loss of data
C:\Users\ENDESGA\Documents\GitHub\EDGITOR\FUNCTIONS.h(500,60): warning C4244: 'argument': conversion from 'float' to 'int16_t', possible loss of data
C:\Users\ENDESGA\Documents\GitHub\EDGITOR\FUNCTIONS.h(500,36): warning C4244: 'argument': conversion from 'float' to 'int16_t', possible loss of data
C:\Users\ENDESGA\Documents\GitHub\EDGITOR\main.cpp(113,44): warning C4244: '=': conversion from 'double' to 'float', possible loss of data
C:\Users\ENDESGA\Documents\GitHub\EDGITOR\main.cpp(176,83): warning C4244: 'argument': conversion from 'int' to 'float', possible loss of data
C:\Users\ENDESGA\Documents\GitHub\EDGITOR\main.cpp(178,105): warning C4244: 'argument': conversion from 'int' to 'float', possible loss of data
  SDL_FontCache.cpp
C:\Users\ENDESGA\Documents\GitHub\EDGITOR\SDL_FontCache.cpp(137,46): warning C4267: 'initializing': conversion from 'size_t' to 'unsigned int', possible loss of data
C:\Users\ENDESGA\Documents\GitHub\EDGITOR\SDL_FontCache.cpp(207,33): warning C4309: '=': truncation of constant value
C:\Users\ENDESGA\Documents\GitHub\EDGITOR\SDL_FontCache.cpp(218,33): warning C4309: '=': truncation of constant value
C:\Users\ENDESGA\Documents\GitHub\EDGITOR\SDL_FontCache.cpp(239,19): warning C4838: conversion from 'float' to 'int' requires a narrowing conversion
C:\Users\ENDESGA\Documents\GitHub\EDGITOR\SDL_FontCache.cpp(239,19): warning C4244: 'initializing': conversion from 'float' to 'int', possible loss of data
C:\Users\ENDESGA\Documents\GitHub\EDGITOR\SDL_FontCache.cpp(239,22): warning C4838: conversion from 'float' to 'int' requires a narrowing conversion
C:\Users\ENDESGA\Documents\GitHub\EDGITOR\SDL_FontCache.cpp(239,22): warning C4244: 'initializing': conversion from 'float' to 'int', possible loss of data
C:\Users\ENDESGA\Documents\GitHub\EDGITOR\SDL_FontCache.cpp(239,25): warning C4838: conversion from 'float' to 'int' requires a narrowing conversion
C:\Users\ENDESGA\Documents\GitHub\EDGITOR\SDL_FontCache.cpp(239,25): warning C4244: 'initializing': conversion from 'float' to 'int', possible loss of data
C:\Users\ENDESGA\Documents\GitHub\EDGITOR\SDL_FontCache.cpp(239,28): warning C4838: conversion from 'float' to 'int' requires a narrowing conversion
C:\Users\ENDESGA\Documents\GitHub\EDGITOR\SDL_FontCache.cpp(239,28): warning C4244: 'initializing': conversion from 'float' to 'int', possible loss of data
C:\Users\ENDESGA\Documents\GitHub\EDGITOR\SDL_FontCache.cpp(566,25): warning C4267: '=': conversion from 'size_t' to 'int', possible loss of data
C:\Users\ENDESGA\Documents\GitHub\EDGITOR\SDL_FontCache.cpp(567,29): warning C4267: '=': conversion from 'size_t' to 'int', possible loss of data
C:\Users\ENDESGA\Documents\GitHub\EDGITOR\SDL_FontCache.cpp(603,53): warning C4267: 'initializing': conversion from 'size_t' to 'int', possible loss of data
C:\Users\ENDESGA\Documents\GitHub\EDGITOR\SDL_FontCache.cpp(620,9): warning C4244: '=': conversion from 'int' to 'float', possible loss of data
C:\Users\ENDESGA\Documents\GitHub\EDGITOR\SDL_FontCache.cpp(621,9): warning C4244: '=': conversion from 'int' to 'float', possible loss of data
C:\Users\ENDESGA\Documents\GitHub\EDGITOR\SDL_FontCache.cpp(622,10): warning C4244: '=': conversion from 'int' to 'float', possible loss of data
C:\Users\ENDESGA\Documents\GitHub\EDGITOR\SDL_FontCache.cpp(623,10): warning C4244: '=': conversion from 'int' to 'float', possible loss of data
C:\Users\ENDESGA\Documents\GitHub\EDGITOR\SDL_FontCache.cpp(625,28): warning C4838: conversion from 'float' to 'int' requires a narrowing conversion
C:\Users\ENDESGA\Documents\GitHub\EDGITOR\SDL_FontCache.cpp(625,28): warning C4244: 'initializing': conversion from 'float' to 'int', possible loss of data
C:\Users\ENDESGA\Documents\GitHub\EDGITOR\SDL_FontCache.cpp(625,31): warning C4838: conversion from 'float' to 'int' requires a narrowing conversion
C:\Users\ENDESGA\Documents\GitHub\EDGITOR\SDL_FontCache.cpp(625,31): warning C4244: 'initializing': conversion from 'float' to 'int', possible loss of data
C:\Users\ENDESGA\Documents\GitHub\EDGITOR\SDL_FontCache.cpp(625,34): warning C4838: conversion from 'float' to 'int' requires a narrowing conversion
C:\Users\ENDESGA\Documents\GitHub\EDGITOR\SDL_FontCache.cpp(625,34): warning C4244: 'initializing': conversion from 'float' to 'int', possible loss of data
C:\Users\ENDESGA\Documents\GitHub\EDGITOR\SDL_FontCache.cpp(625,53): warning C4838: conversion from 'float' to 'int' requires a narrowing conversion
C:\Users\ENDESGA\Documents\GitHub\EDGITOR\SDL_FontCache.cpp(625,53): warning C4244: 'initializing': conversion from 'float' to 'int', possible loss of data
C:\Users\ENDESGA\Documents\GitHub\EDGITOR\SDL_FontCache.cpp(637,13): warning C4244: '=': conversion from 'int' to 'float', possible loss of data
C:\Users\ENDESGA\Documents\GitHub\EDGITOR\SDL_FontCache.cpp(639,13): warning C4244: '=': conversion from 'int' to 'float', possible loss of data
C:\Users\ENDESGA\Documents\GitHub\EDGITOR\SDL_FontCache.cpp(643,16): warning C4244: '=': conversion from 'float' to 'int', possible loss of data
C:\Users\ENDESGA\Documents\GitHub\EDGITOR\SDL_FontCache.cpp(646,28): warning C4244: '=': conversion from 'float' to 'int', possible loss of data
C:\Users\ENDESGA\Documents\GitHub\EDGITOR\SDL_FontCache.cpp(649,13): warning C4244: '=': conversion from 'int' to 'float', possible loss of data
C:\Users\ENDESGA\Documents\GitHub\EDGITOR\SDL_FontCache.cpp(651,13): warning C4244: '=': conversion from 'int' to 'float', possible loss of data
C:\Users\ENDESGA\Documents\GitHub\EDGITOR\SDL_FontCache.cpp(655,16): warning C4244: '=': conversion from 'float' to 'int', possible loss of data
C:\Users\ENDESGA\Documents\GitHub\EDGITOR\SDL_FontCache.cpp(658,28): warning C4244: '=': conversion from 'float' to 'int', possible loss of data
C:\Users\ENDESGA\Documents\GitHub\EDGITOR\SDL_FontCache.cpp(708,16): warning C4244: '=': conversion from 'float' to 'int', possible loss of data
C:\Users\ENDESGA\Documents\GitHub\EDGITOR\SDL_FontCache.cpp(709,16): warning C4244: '=': conversion from 'float' to 'int', possible loss of data
C:\Users\ENDESGA\Documents\GitHub\EDGITOR\SDL_FontCache.cpp(710,16): warning C4244: '=': conversion from 'float' to 'int', possible loss of data
C:\Users\ENDESGA\Documents\GitHub\EDGITOR\SDL_FontCache.cpp(711,16): warning C4244: '=': conversion from 'float' to 'int', possible loss of data
C:\Users\ENDESGA\Documents\GitHub\EDGITOR\SDL_FontCache.cpp(1703,18): warning C4244: 'initializing': conversion from 'float' to 'int', possible loss of data
C:\Users\ENDESGA\Documents\GitHub\EDGITOR\SDL_FontCache.cpp(1709,21): warning C4244: '=': conversion from 'int' to 'float', possible loss of data
C:\Users\ENDESGA\Documents\GitHub\EDGITOR\SDL_FontCache.cpp(2045,43): warning C4244: 'argument': conversion from 'int' to 'float', possible loss of data
C:\Users\ENDESGA\Documents\GitHub\EDGITOR\SDL_FontCache.cpp(2045,39): warning C4244: 'argument': conversion from 'int' to 'float', possible loss of data
C:\Users\ENDESGA\Documents\GitHub\EDGITOR\SDL_FontCache.cpp(2058,38): warning C4244: 'argument': conversion from 'int' to 'float', possible loss of data
C:\Users\ENDESGA\Documents\GitHub\EDGITOR\SDL_FontCache.cpp(2058,31): warning C4244: 'argument': conversion from 'int' to 'float', possible loss of data
C:\Users\ENDESGA\Documents\GitHub\EDGITOR\SDL_FontCache.cpp(2090,38): warning C4244: 'argument': conversion from 'int' to 'float', possible loss of data
C:\Users\ENDESGA\Documents\GitHub\EDGITOR\SDL_FontCache.cpp(2090,31): warning C4244: 'argument': conversion from 'int' to 'float', possible loss of data
C:\Users\ENDESGA\Documents\GitHub\EDGITOR\SDL_FontCache.cpp(2121,38): warning C4244: 'argument': conversion from 'int' to 'float', possible loss of data
C:\Users\ENDESGA\Documents\GitHub\EDGITOR\SDL_FontCache.cpp(2121,31): warning C4244: 'argument': conversion from 'int' to 'float', possible loss of data
C:\Users\ENDESGA\Documents\GitHub\EDGITOR\SDL_FontCache.cpp(2152,38): warning C4244: 'argument': conversion from 'int' to 'float', possible loss of data
C:\Users\ENDESGA\Documents\GitHub\EDGITOR\SDL_FontCache.cpp(2152,31): warning C4244: 'argument': conversion from 'int' to 'float', possible loss of data
C:\Users\ENDESGA\Documents\GitHub\EDGITOR\SDL_FontCache.cpp(2183,38): warning C4244: 'argument': conversion from 'int' to 'float', possible loss of data
C:\Users\ENDESGA\Documents\GitHub\EDGITOR\SDL_FontCache.cpp(2183,31): warning C4244: 'argument': conversion from 'int' to 'float', possible loss of data
C:\Users\ENDESGA\Documents\GitHub\EDGITOR\SDL_FontCache.cpp(2212,21): warning C4838: conversion from 'float' to 'int' requires a narrowing conversion
C:\Users\ENDESGA\Documents\GitHub\EDGITOR\SDL_FontCache.cpp(2212,21): warning C4244: 'initializing': conversion from 'float' to 'int', possible loss of data
C:\Users\ENDESGA\Documents\GitHub\EDGITOR\SDL_FontCache.cpp(2212,24): warning C4838: conversion from 'float' to 'int' requires a narrowing conversion
C:\Users\ENDESGA\Documents\GitHub\EDGITOR\SDL_FontCache.cpp(2212,24): warning C4244: 'initializing': conversion from 'float' to 'int', possible loss of data
C:\Users\ENDESGA\Documents\GitHub\EDGITOR\SDL_FontCache.cpp(2224,45): warning C4244: 'argument': conversion from 'int' to 'float', possible loss of data
C:\Users\ENDESGA\Documents\GitHub\EDGITOR\SDL_FontCache.cpp(2224,34): warning C4244: 'argument': conversion from 'int' to 'float', possible loss of data
C:\Users\ENDESGA\Documents\GitHub\EDGITOR\SDL_FontCache.cpp(2224,27): warning C4244: 'argument': conversion from 'int' to 'float', possible loss of data
C:\Users\ENDESGA\Documents\GitHub\EDGITOR\SDL_FontCache.cpp(2229,21): warning C4838: conversion from 'float' to 'int' requires a narrowing conversion
C:\Users\ENDESGA\Documents\GitHub\EDGITOR\SDL_FontCache.cpp(2229,21): warning C4244: 'initializing': conversion from 'float' to 'int', possible loss of data
C:\Users\ENDESGA\Documents\GitHub\EDGITOR\SDL_FontCache.cpp(2229,24): warning C4838: conversion from 'float' to 'int' requires a narrowing conversion
C:\Users\ENDESGA\Documents\GitHub\EDGITOR\SDL_FontCache.cpp(2229,24): warning C4244: 'initializing': conversion from 'float' to 'int', possible loss of data
C:\Users\ENDESGA\Documents\GitHub\EDGITOR\SDL_FontCache.cpp(2253,45): warning C4244: 'argument': conversion from 'int' to 'float', possible loss of data
C:\Users\ENDESGA\Documents\GitHub\EDGITOR\SDL_FontCache.cpp(2253,34): warning C4244: 'argument': conversion from 'int' to 'float', possible loss of data
C:\Users\ENDESGA\Documents\GitHub\EDGITOR\SDL_FontCache.cpp(2253,27): warning C4244: 'argument': conversion from 'int' to 'float', possible loss of data
C:\Users\ENDESGA\Documents\GitHub\EDGITOR\SDL_FontCache.cpp(2258,21): warning C4838: conversion from 'float' to 'int' requires a narrowing conversion
C:\Users\ENDESGA\Documents\GitHub\EDGITOR\SDL_FontCache.cpp(2258,21): warning C4244: 'initializing': conversion from 'float' to 'int', possible loss of data
C:\Users\ENDESGA\Documents\GitHub\EDGITOR\SDL_FontCache.cpp(2258,24): warning C4838: conversion from 'float' to 'int' requires a narrowing conversion
C:\Users\ENDESGA\Documents\GitHub\EDGITOR\SDL_FontCache.cpp(2258,24): warning C4244: 'initializing': conversion from 'float' to 'int', possible loss of data
C:\Users\ENDESGA\Documents\GitHub\EDGITOR\SDL_FontCache.cpp(2270,45): warning C4244: 'argument': conversion from 'int' to 'float', possible loss of data
C:\Users\ENDESGA\Documents\GitHub\EDGITOR\SDL_FontCache.cpp(2270,34): warning C4244: 'argument': conversion from 'int' to 'float', possible loss of data
C:\Users\ENDESGA\Documents\GitHub\EDGITOR\SDL_FontCache.cpp(2270,27): warning C4244: 'argument': conversion from 'int' to 'float', possible loss of data
C:\Users\ENDESGA\Documents\GitHub\EDGITOR\SDL_FontCache.cpp(2275,21): warning C4838: conversion from 'float' to 'int' requires a narrowing conversion
C:\Users\ENDESGA\Documents\GitHub\EDGITOR\SDL_FontCache.cpp(2275,21): warning C4244: 'initializing': conversion from 'float' to 'int', possible loss of data
C:\Users\ENDESGA\Documents\GitHub\EDGITOR\SDL_FontCache.cpp(2275,24): warning C4838: conversion from 'float' to 'int' requires a narrowing conversion
C:\Users\ENDESGA\Documents\GitHub\EDGITOR\SDL_FontCache.cpp(2275,24): warning C4244: 'initializing': conversion from 'float' to 'int', possible loss of data
C:\Users\ENDESGA\Documents\GitHub\EDGITOR\SDL_FontCache.cpp(2287,45): warning C4244: 'argument': conversion from 'int' to 'float', possible loss of data
C:\Users\ENDESGA\Documents\GitHub\EDGITOR\SDL_FontCache.cpp(2287,34): warning C4244: 'argument': conversion from 'int' to 'float', possible loss of data
C:\Users\ENDESGA\Documents\GitHub\EDGITOR\SDL_FontCache.cpp(2287,27): warning C4244: 'argument': conversion from 'int' to 'float', possible loss of data
C:\Users\ENDESGA\Documents\GitHub\EDGITOR\SDL_FontCache.cpp(2292,21): warning C4838: conversion from 'float' to 'int' requires a narrowing conversion
C:\Users\ENDESGA\Documents\GitHub\EDGITOR\SDL_FontCache.cpp(2292,21): warning C4244: 'initializing': conversion from 'float' to 'int', possible loss of data
C:\Users\ENDESGA\Documents\GitHub\EDGITOR\SDL_FontCache.cpp(2292,24): warning C4838: conversion from 'float' to 'int' requires a narrowing conversion
C:\Users\ENDESGA\Documents\GitHub\EDGITOR\SDL_FontCache.cpp(2292,24): warning C4244: 'initializing': conversion from 'float' to 'int', possible loss of data
C:\Users\ENDESGA\Documents\GitHub\EDGITOR\SDL_FontCache.cpp(2316,45): warning C4244: 'argument': conversion from 'int' to 'float', possible loss of data
C:\Users\ENDESGA\Documents\GitHub\EDGITOR\SDL_FontCache.cpp(2316,34): warning C4244: 'argument': conversion from 'int' to 'float', possible loss of data
C:\Users\ENDESGA\Documents\GitHub\EDGITOR\SDL_FontCache.cpp(2316,27): warning C4244: 'argument': conversion from 'int' to 'float', possible loss of data
C:\Users\ENDESGA\Documents\GitHub\EDGITOR\SDL_FontCache.cpp(2321,24): warning C4838: conversion from 'float' to 'int' requires a narrowing conversion
C:\Users\ENDESGA\Documents\GitHub\EDGITOR\SDL_FontCache.cpp(2321,24): warning C4244: 'initializing': conversion from 'float' to 'int', possible loss of data
C:\Users\ENDESGA\Documents\GitHub\EDGITOR\SDL_FontCache.cpp(2321,27): warning C4838: conversion from 'float' to 'int' requires a narrowing conversion
C:\Users\ENDESGA\Documents\GitHub\EDGITOR\SDL_FontCache.cpp(2321,27): warning C4244: 'initializing': conversion from 'float' to 'int', possible loss of data
C:\Users\ENDESGA\Documents\GitHub\EDGITOR\SDL_FontCache.cpp(2354,24): warning C4838: conversion from 'float' to 'int' requires a narrowing conversion
C:\Users\ENDESGA\Documents\GitHub\EDGITOR\SDL_FontCache.cpp(2354,24): warning C4244: 'initializing': conversion from 'float' to 'int', possible loss of data
C:\Users\ENDESGA\Documents\GitHub\EDGITOR\SDL_FontCache.cpp(2354,27): warning C4838: conversion from 'float' to 'int' requires a narrowing conversion
C:\Users\ENDESGA\Documents\GitHub\EDGITOR\SDL_FontCache.cpp(2354,27): warning C4244: 'initializing': conversion from 'float' to 'int', possible loss of data
C:\Users\ENDESGA\Documents\GitHub\EDGITOR\SDL_FontCache.cpp(2749,24): warning C4838: conversion from 'float' to 'int' requires a narrowing conversion
C:\Users\ENDESGA\Documents\GitHub\EDGITOR\SDL_FontCache.cpp(2749,24): warning C4244: 'initializing': conversion from 'float' to 'int', possible loss of data
C:\Users\ENDESGA\Documents\GitHub\EDGITOR\SDL_FontCache.cpp(2749,27): warning C4838: conversion from 'float' to 'int' requires a narrowing conversion
C:\Users\ENDESGA\Documents\GitHub\EDGITOR\SDL_FontCache.cpp(2749,27): warning C4244: 'initializing': conversion from 'float' to 'int', possible loss of data
C:\Users\ENDESGA\Documents\GitHub\EDGITOR\SDL_FontCache.cpp(2758,46): warning C4244: '=': conversion from 'float' to 'int', possible loss of data
C:\Users\ENDESGA\Documents\GitHub\EDGITOR\SDL_FontCache.cpp(2759,47): warning C4244: '=': conversion from 'float' to 'int', possible loss of data
C:\Users\ENDESGA\Documents\GitHub\EDGITOR\SDL_FontCache.cpp(2810,105): warning C4244: 'argument': conversion from 'int' to 'float', possible loss of data
C:\Users\ENDESGA\Documents\GitHub\EDGITOR\SDL_FontCache.cpp(2810,86): warning C4244: 'argument': conversion from 'int' to 'float', possible loss of data
C:\Users\ENDESGA\Documents\GitHub\EDGITOR\SDL_FontCache.cpp(2810,60): warning C4244: 'argument': conversion from 'int' to 'float', possible loss of data
C:\Users\ENDESGA\Documents\GitHub\EDGITOR\SDL_FontCache.cpp(2810,49): warning C4244: 'argument': conversion from 'int' to 'float', possible loss of data
C:\Users\ENDESGA\Documents\GitHub\EDGITOR\SDL_FontCache.cpp(2851,38): warning C4267: 'initializing': conversion from 'size_t' to 'int', possible loss of data
  Generating Code...
  EDGITOR.vcxproj -> C:\Users\ENDESGA\Documents\GitHub\EDGITOR\x64\Debug\EDGITOR.exe
